This is pdfTeX, Version 3.14159265-2.6-1.40.21 (TeX Live 2020/W32TeX) (preloaded format=pdflatex 2021.3.3)  16 JUL 2021 13:55
entering extended mode
 restricted \write18 enabled.
 %&-line parsing enabled.
**zavrsni.tex
(./zavrsni.tex
LaTeX2e <2020-10-01> patch level 4
L3 programming layer <2021-02-18> (./fer.cls
Document Class: fer 
(c:/texlive/2020/texmf-dist/tex/latex/base/report.cls
Document Class: report 2020/04/10 v1.4m Standard LaTeX document class
(c:/texlive/2020/texmf-dist/tex/latex/base/size12.clo
File: size12.clo 2020/04/10 v1.4m Standard LaTeX file (size option)
)
\c@part=\count179
\c@chapter=\count180
\c@section=\count181
\c@subsection=\count182
\c@subsubsection=\count183
\c@paragraph=\count184
\c@subparagraph=\count185
\c@figure=\count186
\c@table=\count187
\abovecaptionskip=\skip47
\belowcaptionskip=\skip48
\bibindent=\dimen138
)
(c:/texlive/2020/texmf-dist/tex/latex/geometry/geometry.sty
Package: geometry 2020/01/02 v5.9 Page Geometry

(c:/texlive/2020/texmf-dist/tex/latex/graphics/keyval.sty
Package: keyval 2014/10/28 v1.15 key=value parser (DPC)
\KV@toks@=\toks15
)
(c:/texlive/2020/texmf-dist/tex/generic/iftex/ifvtex.sty
Package: ifvtex 2019/10/25 v1.7 ifvtex legacy package. Use iftex instead.

(c:/texlive/2020/texmf-dist/tex/generic/iftex/iftex.sty
Package: iftex 2020/03/06 v1.0d TeX engine tests
))
\Gm@cnth=\count188
\Gm@cntv=\count189
\c@Gm@tempcnt=\count190
\Gm@bindingoffset=\dimen139
\Gm@wd@mp=\dimen140
\Gm@odd@mp=\dimen141
\Gm@even@mp=\dimen142
\Gm@layoutwidth=\dimen143
\Gm@layoutheight=\dimen144
\Gm@layouthoffset=\dimen145
\Gm@layoutvoffset=\dimen146
\Gm@dimlist=\toks16
)
(c:/texlive/2020/texmf-dist/tex/latex/base/inputenc.sty
Package: inputenc 2020/08/01 v1.3d Input encoding file
\inpenc@prehook=\toks17
\inpenc@posthook=\toks18
)
(c:/texlive/2020/texmf-dist/tex/generic/babel/babel.sty
Package: babel 2021/02/22 3.54 The Babel package

(c:/texlive/2020/texmf-dist/tex/generic/babel/babel.def
File: babel.def 2021/02/22 3.54 Babel common definitions
\babel@savecnt=\count191
\U@D=\dimen147
\l@babelnohyphens=\language86

(c:/texlive/2020/texmf-dist/tex/generic/babel/txtbabel.def)
\bbl@readstream=\read2
)
\bbl@dirlevel=\count192

(c:/texlive/2020/texmf-dist/tex/generic/babel-croatian/croatian.ldf
Language: croatian 2014/03/31 v1.3m Croatian support from the babel system
))
(c:/texlive/2020/texmf-dist/tex/latex/base/fontenc.sty
Package: fontenc 2020/08/10 v2.0s Standard LaTeX package
)
(c:/texlive/2020/texmf-dist/tex/latex/graphics/graphicx.sty
Package: graphicx 2020/09/09 v1.2b Enhanced LaTeX Graphics (DPC,SPQR)

(c:/texlive/2020/texmf-dist/tex/latex/graphics/graphics.sty
Package: graphics 2020/08/30 v1.4c Standard LaTeX Graphics (DPC,SPQR)

(c:/texlive/2020/texmf-dist/tex/latex/graphics/trig.sty
Package: trig 2016/01/03 v1.10 sin cos tan (DPC)
)
(c:/texlive/2020/texmf-dist/tex/latex/graphics-cfg/graphics.cfg
File: graphics.cfg 2016/06/04 v1.11 sample graphics configuration
)
Package graphics Info: Driver file: pdftex.def on input line 105.

(c:/texlive/2020/texmf-dist/tex/latex/graphics-def/pdftex.def
File: pdftex.def 2020/10/05 v1.2a Graphics/color driver for pdftex
))
\Gin@req@height=\dimen148
\Gin@req@width=\dimen149
)
(c:/texlive/2020/texmf-dist/tex/latex/amsfonts/amssymb.sty
Package: amssymb 2013/01/14 v3.01 AMS font symbols

(c:/texlive/2020/texmf-dist/tex/latex/amsfonts/amsfonts.sty
Package: amsfonts 2013/01/14 v3.01 Basic AMSFonts support
\@emptytoks=\toks19
\symAMSa=\mathgroup4
\symAMSb=\mathgroup5
LaTeX Font Info:    Redeclaring math symbol \hbar on input line 98.
LaTeX Font Info:    Overwriting math alphabet `\mathfrak' in version `bold'
(Font)                  U/euf/m/n --> U/euf/b/n on input line 106.
))
(c:/texlive/2020/texmf-dist/tex/latex/amsmath/amsmath.sty
Package: amsmath 2020/09/23 v2.17i AMS math features
\@mathmargin=\skip49

For additional information on amsmath, use the `?' option.
(c:/texlive/2020/texmf-dist/tex/latex/amsmath/amstext.sty
Package: amstext 2000/06/29 v2.01 AMS text

(c:/texlive/2020/texmf-dist/tex/latex/amsmath/amsgen.sty
File: amsgen.sty 1999/11/30 v2.0 generic functions
\@emptytoks=\toks20
\ex@=\dimen150
))
(c:/texlive/2020/texmf-dist/tex/latex/amsmath/amsbsy.sty
Package: amsbsy 1999/11/29 v1.2d Bold Symbols
\pmbraise@=\dimen151
)
(c:/texlive/2020/texmf-dist/tex/latex/amsmath/amsopn.sty
Package: amsopn 2016/03/08 v2.02 operator names
)
\inf@bad=\count193
LaTeX Info: Redefining \frac on input line 234.
\uproot@=\count194
\leftroot@=\count195
LaTeX Info: Redefining \overline on input line 399.
\classnum@=\count196
\DOTSCASE@=\count197
LaTeX Info: Redefining \ldots on input line 496.
LaTeX Info: Redefining \dots on input line 499.
LaTeX Info: Redefining \cdots on input line 620.
\Mathstrutbox@=\box47
\strutbox@=\box48
\big@size=\dimen152
LaTeX Font Info:    Redeclaring font encoding OML on input line 743.
LaTeX Font Info:    Redeclaring font encoding OMS on input line 744.
\macc@depth=\count198
\c@MaxMatrixCols=\count199
\dotsspace@=\muskip16
\c@parentequation=\count266
\dspbrk@lvl=\count267
\tag@help=\toks21
\row@=\count268
\column@=\count269
\maxfields@=\count270
\andhelp@=\toks22
\eqnshift@=\dimen153
\alignsep@=\dimen154
\tagshift@=\dimen155
\tagwidth@=\dimen156
\totwidth@=\dimen157
\lineht@=\dimen158
\@envbody=\toks23
\multlinegap=\skip50
\multlinetaggap=\skip51
\mathdisplay@stack=\toks24
LaTeX Info: Redefining \[ on input line 2923.
LaTeX Info: Redefining \] on input line 2924.
)
(c:/texlive/2020/texmf-dist/tex/latex/base/fixltx2e.sty
Package: fixltx2e 2016/12/29 v2.1a fixes to LaTeX (obsolete)
Applying: [2015/01/01] Old fixltx2e package on input line 46.


Package fixltx2e Warning: fixltx2e is not required with releases after 2015
(fixltx2e)                All fixes are now in the LaTeX kernel.
(fixltx2e)                See the latexrelease package for details.

Already applied: [0000/00/00] Old fixltx2e package on input line 53.
) (c:/texlive/2020/texmf-dist/tex/latex/caption/caption.sty
Package: caption 2020/10/26 v3.5g Customizing captions (AR)

(c:/texlive/2020/texmf-dist/tex/latex/caption/caption3.sty
Package: caption3 2020/10/21 v2.2e caption3 kernel (AR)
\captionmargin=\dimen159
\captionmargin@=\dimen160
\captionwidth=\dimen161
\caption@tempdima=\dimen162
\caption@indent=\dimen163
\caption@parindent=\dimen164
\caption@hangindent=\dimen165
Package caption Info: Standard document class detected.
)
\c@caption@flags=\count271
\c@continuedfloat=\count272
)
(c:/texlive/2020/texmf-dist/tex/latex/base/ifthen.sty
Package: ifthen 2014/09/29 v1.1c Standard LaTeX ifthen package (DPC)
)
(c:/texlive/2020/texmf-dist/tex/latex/url/url.sty
\Urlmuskip=\muskip17
Package: url 2013/09/16  ver 3.4  Verb mode for urls, etc.
)
(c:/texlive/2020/texmf-dist/tex/latex/enumitem/enumitem.sty
Package: enumitem 2019/06/20 v3.9 Customized lists
\labelindent=\skip52
\enit@outerparindent=\dimen166
\enit@toks=\toks25
\enit@inbox=\box49
\enit@count@id=\count273
\enitdp@description=\count274
)
(c:/texlive/2020/texmf-dist/tex/latex/tocbibind/tocbibind.sty
Package: tocbibind 2010/10/13 v1.5k extra ToC listings
Package tocbibind Info: The document has chapter divisions on input line 50.


Package tocbibind Note: Using chapter style headings, unless overridden.

) (c:/texlive/2020/texmf-dist/tex/latex/psnfss/times.sty
Package: times 2020/03/25 PSNFSS-v9.3 (SPQR) 
)
(c:/texlive/2020/texmf-dist/tex/latex/natbib/natbib.sty
Package: natbib 2010/09/13 8.31b (PWD, AO)
\bibhang=\skip53
\bibsep=\skip54
LaTeX Info: Redefining \cite on input line 694.
\c@NAT@ctr=\count275
)
\listindentation=\dimen167
)
(c:/texlive/2020/texmf-dist/tex/latex/hyperref/hyperref.sty
Package: hyperref 2021-02-27 v7.00k Hypertext links for LaTeX

(c:/texlive/2020/texmf-dist/tex/generic/ltxcmds/ltxcmds.sty
Package: ltxcmds 2020-05-10 v1.25 LaTeX kernel commands for general use (HO)
)
(c:/texlive/2020/texmf-dist/tex/generic/pdftexcmds/pdftexcmds.sty
Package: pdftexcmds 2020-06-27 v0.33 Utility functions of pdfTeX for LuaTeX (HO
)

(c:/texlive/2020/texmf-dist/tex/generic/infwarerr/infwarerr.sty
Package: infwarerr 2019/12/03 v1.5 Providing info/warning/error messages (HO)
)
Package pdftexcmds Info: \pdf@primitive is available.
Package pdftexcmds Info: \pdf@ifprimitive is available.
Package pdftexcmds Info: \pdfdraftmode found.
)
(c:/texlive/2020/texmf-dist/tex/generic/kvsetkeys/kvsetkeys.sty
Package: kvsetkeys 2019/12/15 v1.18 Key value parser (HO)
)
(c:/texlive/2020/texmf-dist/tex/generic/kvdefinekeys/kvdefinekeys.sty
Package: kvdefinekeys 2019-12-19 v1.6 Define keys (HO)
)
(c:/texlive/2020/texmf-dist/tex/generic/pdfescape/pdfescape.sty
Package: pdfescape 2019/12/09 v1.15 Implements pdfTeX's escape features (HO)
)
(c:/texlive/2020/texmf-dist/tex/latex/hycolor/hycolor.sty
Package: hycolor 2020-01-27 v1.10 Color options for hyperref/bookmark (HO)
)
(c:/texlive/2020/texmf-dist/tex/latex/letltxmacro/letltxmacro.sty
Package: letltxmacro 2019/12/03 v1.6 Let assignment for LaTeX macros (HO)
)
(c:/texlive/2020/texmf-dist/tex/latex/auxhook/auxhook.sty
Package: auxhook 2019-12-17 v1.6 Hooks for auxiliary files (HO)
)
(c:/texlive/2020/texmf-dist/tex/latex/kvoptions/kvoptions.sty
Package: kvoptions 2020-10-07 v3.14 Key value format for package options (HO)
)
\@linkdim=\dimen168
\Hy@linkcounter=\count276
\Hy@pagecounter=\count277

(c:/texlive/2020/texmf-dist/tex/latex/hyperref/pd1enc.def
File: pd1enc.def 2021-02-27 v7.00k Hyperref: PDFDocEncoding definition (HO)
Now handling font encoding PD1 ...
... no UTF-8 mapping file for font encoding PD1
)
(c:/texlive/2020/texmf-dist/tex/latex/hyperref/hyperref-langpatches.def
File: hyperref-langpatches.def 2021-02-27 v7.00k Hyperref: patches for babel la
nguages
)
(c:/texlive/2020/texmf-dist/tex/generic/intcalc/intcalc.sty
Package: intcalc 2019/12/15 v1.3 Expandable calculations with integers (HO)
)
(c:/texlive/2020/texmf-dist/tex/generic/etexcmds/etexcmds.sty
Package: etexcmds 2019/12/15 v1.7 Avoid name clashes with e-TeX commands (HO)
)
\Hy@SavedSpaceFactor=\count278

(c:/texlive/2020/texmf-dist/tex/latex/hyperref/puenc.def
File: puenc.def 2021-02-27 v7.00k Hyperref: PDF Unicode definition (HO)
Now handling font encoding PU ...
... no UTF-8 mapping file for font encoding PU
)
Package hyperref Info: Hyper figures OFF on input line 4192.
Package hyperref Info: Link nesting OFF on input line 4197.
Package hyperref Info: Hyper index ON on input line 4200.
Package hyperref Info: Plain pages OFF on input line 4207.
Package hyperref Info: Backreferencing OFF on input line 4212.
Package hyperref Info: Implicit mode ON; LaTeX internals redefined.
Package hyperref Info: Bookmarks ON on input line 4445.
\c@Hy@tempcnt=\count279
LaTeX Info: Redefining \url on input line 4804.
\XeTeXLinkMargin=\dimen169

(c:/texlive/2020/texmf-dist/tex/generic/bitset/bitset.sty
Package: bitset 2019/12/09 v1.3 Handle bit-vector datatype (HO)

(c:/texlive/2020/texmf-dist/tex/generic/bigintcalc/bigintcalc.sty
Package: bigintcalc 2019/12/15 v1.5 Expandable calculations on big integers (HO
)
))
\Fld@menulength=\count280
\Field@Width=\dimen170
\Fld@charsize=\dimen171
Package hyperref Info: Hyper figures OFF on input line 6075.
Package hyperref Info: Link nesting OFF on input line 6080.
Package hyperref Info: Hyper index ON on input line 6083.
Package hyperref Info: backreferencing OFF on input line 6090.
Package hyperref Info: Link coloring OFF on input line 6095.
Package hyperref Info: Link coloring with OCG OFF on input line 6100.
Package hyperref Info: PDF/A mode OFF on input line 6105.
LaTeX Info: Redefining \ref on input line 6145.
LaTeX Info: Redefining \pageref on input line 6149.

(c:/texlive/2020/texmf-dist/tex/latex/base/atbegshi-ltx.sty
Package: atbegshi-ltx 2020/08/17 v1.0a Emulation of the original atbegshi packa
ge
with kernel methods
)
\Hy@abspage=\count281
\c@Item=\count282
\c@Hfootnote=\count283
)
Package hyperref Info: Driver (autodetected): hpdftex.

(c:/texlive/2020/texmf-dist/tex/latex/hyperref/hpdftex.def
File: hpdftex.def 2021-02-27 v7.00k Hyperref driver for pdfTeX

(c:/texlive/2020/texmf-dist/tex/latex/base/atveryend-ltx.sty
Package: atveryend-ltx 2020/08/19 v1.0a Emulation of the original atvery packag
e
with kernel methods
)
\Fld@listcount=\count284
\c@bookmark@seq@number=\count285

(c:/texlive/2020/texmf-dist/tex/latex/rerunfilecheck/rerunfilecheck.sty
Package: rerunfilecheck 2019/12/05 v1.9 Rerun checks for auxiliary files (HO)

(c:/texlive/2020/texmf-dist/tex/generic/uniquecounter/uniquecounter.sty
Package: uniquecounter 2019/12/15 v1.4 Provide unlimited unique counter (HO)
)
Package uniquecounter Info: New unique counter `rerunfilecheck' on input line 2
86.
)
\Hy@SectionHShift=\skip55
)
(c:/texlive/2020/texmf-dist/tex/latex/pdfpages/pdfpages.sty
Package: pdfpages 2021/02/05 v0.5s Insert pages of external PDF documents (AM)

(c:/texlive/2020/texmf-dist/tex/latex/tools/calc.sty
Package: calc 2017/05/25 v4.3 Infix arithmetic (KKT,FJ)
\calc@Acount=\count286
\calc@Bcount=\count287
\calc@Adimen=\dimen172
\calc@Bdimen=\dimen173
\calc@Askip=\skip56
\calc@Bskip=\skip57
LaTeX Info: Redefining \setlength on input line 80.
LaTeX Info: Redefining \addtolength on input line 81.
\calc@Ccount=\count288
\calc@Cskip=\skip58
)
(c:/texlive/2020/texmf-dist/tex/latex/eso-pic/eso-pic.sty
Package: eso-pic 2020/10/14 v3.0a eso-pic (RN)
\ESO@tempdima=\dimen174
\ESO@tempdimb=\dimen175

(c:/texlive/2020/texmf-dist/tex/latex/xcolor/xcolor.sty
Package: xcolor 2016/05/11 v2.12 LaTeX color extensions (UK)

(c:/texlive/2020/texmf-dist/tex/latex/graphics-cfg/color.cfg
File: color.cfg 2016/01/02 v1.6 sample color configuration
)
Package xcolor Info: Driver file: pdftex.def on input line 225.
Package xcolor Info: Model `cmy' substituted by `cmy0' on input line 1348.
Package xcolor Info: Model `hsb' substituted by `rgb' on input line 1352.
Package xcolor Info: Model `RGB' extended on input line 1364.
Package xcolor Info: Model `HTML' substituted by `rgb' on input line 1366.
Package xcolor Info: Model `Hsb' substituted by `hsb' on input line 1367.
Package xcolor Info: Model `tHsb' substituted by `hsb' on input line 1368.
Package xcolor Info: Model `HSB' substituted by `hsb' on input line 1369.
Package xcolor Info: Model `Gray' substituted by `gray' on input line 1370.
Package xcolor Info: Model `wave' substituted by `hsb' on input line 1371.
))
\AM@pagewidth=\dimen176
\AM@pageheight=\dimen177
\AM@fboxrule=\dimen178

(c:/texlive/2020/texmf-dist/tex/latex/pdfpages/pppdftex.def
File: pppdftex.def 2021/02/05 v0.5s Pdfpages driver for pdfTeX (AM)
)
\pdfpages@includegraphics@status=\count289
\AM@pagebox=\box50
\AM@global@opts=\toks26
\AM@pagecnt=\count290
\AM@toc@title=\toks27
\c@AM@survey=\count291
\AM@templatesizebox=\box51
)
Package hyperref Info: Option `colorlinks' set `true' on input line 16.
LaTeX Font Info:    Trying to load font information for T1+ptm on input line 18
.

(c:/texlive/2020/texmf-dist/tex/latex/psnfss/t1ptm.fd
File: t1ptm.fd 2001/06/04 font definitions for T1/ptm.
)
(c:/texlive/2020/texmf-dist/tex/latex/l3backend/l3backend-pdftex.def
File: l3backend-pdftex.def 2021-03-02 L3 backend support: PDF output (pdfTeX)
\l__color_backend_stack_int=\count292
\l__pdf_internal_box=\box52
)
(./zavrsni.aux)
\openout1 = `zavrsni.aux'.

LaTeX Font Info:    Checking defaults for OML/cmm/m/it on input line 18.
LaTeX Font Info:    ... okay on input line 18.
LaTeX Font Info:    Checking defaults for OMS/cmsy/m/n on input line 18.
LaTeX Font Info:    ... okay on input line 18.
LaTeX Font Info:    Checking defaults for OT1/cmr/m/n on input line 18.
LaTeX Font Info:    ... okay on input line 18.
LaTeX Font Info:    Checking defaults for T1/cmr/m/n on input line 18.
LaTeX Font Info:    ... okay on input line 18.
LaTeX Font Info:    Checking defaults for TS1/cmr/m/n on input line 18.
LaTeX Font Info:    ... okay on input line 18.
LaTeX Font Info:    Checking defaults for OMX/cmex/m/n on input line 18.
LaTeX Font Info:    ... okay on input line 18.
LaTeX Font Info:    Checking defaults for U/cmr/m/n on input line 18.
LaTeX Font Info:    ... okay on input line 18.
LaTeX Font Info:    Checking defaults for PD1/pdf/m/n on input line 18.
LaTeX Font Info:    ... okay on input line 18.
LaTeX Font Info:    Checking defaults for PU/pdf/m/n on input line 18.
LaTeX Font Info:    ... okay on input line 18.

*geometry* driver: auto-detecting
*geometry* detected driver: pdftex
*geometry* verbose mode - [ preamble ] result:
* driver: pdftex
* paper: a4paper
* layout: <same size as paper>
* layoutoffset:(h,v)=(0.0pt,0.0pt)
* modes: 
* h-part:(L,W,R)=(99.58464pt, 412.56497pt, 85.35826pt)
* v-part:(T,H,B)=(85.35826pt, 674.33032pt, 85.35826pt)
* \paperwidth=597.50787pt
* \paperheight=845.04684pt
* \textwidth=412.56497pt
* \textheight=674.33032pt
* \oddsidemargin=27.31465pt
* \evensidemargin=27.31465pt
* \topmargin=-23.91173pt
* \headheight=12.0pt
* \headsep=25.0pt
* \topskip=12.0pt
* \footskip=30.0pt
* \marginparwidth=44.0pt
* \marginparsep=10.0pt
* \columnsep=10.0pt
* \skip\footins=10.8pt plus 4.0pt minus 2.0pt
* \hoffset=0.0pt
* \voffset=0.0pt
* \mag=1000
* \@twocolumnfalse
* \@twosidefalse
* \@mparswitchfalse
* \@reversemarginfalse
* (1in=72.27pt=25.4mm, 1cm=28.453pt)

(c:/texlive/2020/texmf-dist/tex/context/base/mkii/supp-pdf.mkii
[Loading MPS to PDF converter (version 2006.09.02).]
\scratchcounter=\count293
\scratchdimen=\dimen179
\scratchbox=\box53
\nofMPsegments=\count294
\nofMParguments=\count295
\everyMPshowfont=\toks28
\MPscratchCnt=\count296
\MPscratchDim=\dimen180
\MPnumerator=\count297
\makeMPintoPDFobject=\count298
\everyMPtoPDFconversion=\toks29
) (c:/texlive/2020/texmf-dist/tex/latex/epstopdf-pkg/epstopdf-base.sty
Package: epstopdf-base 2020-01-24 v2.11 Base part for package epstopdf
Package epstopdf-base Info: Redefining graphics rule for `.eps' on input line 4
85.

(c:/texlive/2020/texmf-dist/tex/latex/latexconfig/epstopdf-sys.cfg
File: epstopdf-sys.cfg 2010/07/13 v1.3 Configuration of (r)epstopdf for TeX Liv
e
))
Package caption Info: Begin \AtBeginDocument code.
Package caption Info: hyperref package is loaded.
Package caption Info: End \AtBeginDocument code.
Package hyperref Info: Link coloring ON on input line 18.

(c:/texlive/2020/texmf-dist/tex/latex/hyperref/nameref.sty
Package: nameref 2021-04-02 v2.47 Cross-referencing by name of section

(c:/texlive/2020/texmf-dist/tex/latex/refcount/refcount.sty
Package: refcount 2019/12/15 v3.6 Data extraction from label references (HO)
)
(c:/texlive/2020/texmf-dist/tex/generic/gettitlestring/gettitlestring.sty
Package: gettitlestring 2019/12/15 v1.6 Cleanup title references (HO)
)
\c@section@level=\count299
)
LaTeX Info: Redefining \ref on input line 18.
LaTeX Info: Redefining \pageref on input line 18.
LaTeX Info: Redefining \nameref on input line 18.

(./zavrsni.out) (./zavrsni.out)
\@outlinefile=\write3
\openout3 = `zavrsni.out'.


(c:/texlive/2020/texmf-dist/tex/latex/pdflscape/pdflscape.sty
Package: pdflscape 2019/12/05 v0.12 Display of landscape pages in PDF (HO)

(c:/texlive/2020/texmf-dist/tex/latex/graphics/lscape.sty
Package: lscape 2020/05/28 v3.02 Landscape Pages (DPC)
)
Package pdflscape Info: Auto-detected driver: pdftex on input line 81.
)
LaTeX Font Info:    Trying to load font information for T1+phv on input line 27
.

(c:/texlive/2020/texmf-dist/tex/latex/psnfss/t1phv.fd
File: t1phv.fd 2020/03/25 scalable font definitions for T1/phv.
)
LaTeX Font Info:    Trying to load font information for U+msa on input line 27.


(c:/texlive/2020/texmf-dist/tex/latex/amsfonts/umsa.fd
File: umsa.fd 2013/01/14 v3.01 AMS symbols A
)
LaTeX Font Info:    Trying to load font information for U+msb on input line 27.


(c:/texlive/2020/texmf-dist/tex/latex/amsfonts/umsb.fd
File: umsb.fd 2013/01/14 v3.01 AMS symbols B
) [1

{c:/texlive/2020/texmf-var/fonts/map/pdftex/updmap/pdftex.map}]
<../Slike/izvornik.pdf, id=119, 597.23125pt x 845.1575pt>
File: ../Slike/izvornik.pdf Graphic file (type pdf)
<use ../Slike/izvornik.pdf>
Package pdftex.def Info: ../Slike/izvornik.pdf  used on input line 28.
(pdftex.def)             Requested size: 597.22978pt x 845.15544pt.
File: ../Slike/izvornik.pdf Graphic file (type pdf)
<use ../Slike/izvornik.pdf>
Package pdftex.def Info: ../Slike/izvornik.pdf  used on input line 28.
(pdftex.def)             Requested size: 597.22978pt x 845.15544pt.
<../Slike/izvornik.pdf, id=122, page=1, 597.23125pt x 845.1575pt>
File: ../Slike/izvornik.pdf Graphic file (type pdf)
<use ../Slike/izvornik.pdf, page 1>
Package pdftex.def Info: ../Slike/izvornik.pdf , page1 used on input line 28.
(pdftex.def)             Requested size: 597.22978pt x 845.15544pt.
File: ../Slike/izvornik.pdf Graphic file (type pdf)
<use ../Slike/izvornik.pdf, page 1>
Package pdftex.def Info: ../Slike/izvornik.pdf , page1 used on input line 28.
(pdftex.def)             Requested size: 597.25711pt x 845.19412pt.
File: ../Slike/izvornik.pdf Graphic file (type pdf)
<use ../Slike/izvornik.pdf, page 1>
Package pdftex.def Info: ../Slike/izvornik.pdf , page1 used on input line 28.
(pdftex.def)             Requested size: 597.25711pt x 845.19412pt.
File: ../Slike/izvornik.pdf Graphic file (type pdf)
<use ../Slike/izvornik.pdf, page 1>
Package pdftex.def Info: ../Slike/izvornik.pdf , page1 used on input line 28.
(pdftex.def)             Requested size: 597.25711pt x 845.19412pt.
pdfTeX warning (ext4): destination with the same identifier (name{page.i}) has 
been already used, duplicate ignored
<to be read again> 
                   \relax 
l.28 \includepdf[pages={1}]{izvornik.pdf}
                                         
File: ../Slike/izvornik.pdf Graphic file (type pdf)
<use ../Slike/izvornik.pdf, page 1>
Package pdftex.def Info: ../Slike/izvornik.pdf , page1 used on input line 28.
(pdftex.def)             Requested size: 597.25711pt x 845.19412pt.
 [1 <../Slike/izvornik.pdf>] [3]
(./zavrsni.toc [4

])
\tf@toc=\write4
\openout4 = `zavrsni.toc'.

 [5]
Poglavlje 1.
[1

]
Poglavlje 2.
<../Slike//slika 2-1.png, id=190, 696.80325pt x 280.04625pt>
File: ../Slike//slika 2-1.png Graphic file (type png)
<use ../Slike//slika 2-1.png>
Package pdftex.def Info: ../Slike//slika 2-1.png  used on input line 46.
(pdftex.def)             Requested size: 412.56497pt x 165.81126pt.
<../Slike//slika 2-2.png, id=195, 694.39426pt x 307.74976pt>
File: ../Slike//slika 2-2.png Graphic file (type png)
<use ../Slike//slika 2-2.png>
Package pdftex.def Info: ../Slike//slika 2-2.png  used on input line 55.
(pdftex.def)             Requested size: 412.56497pt x 182.84805pt.
[2

 <../Slike//slika 2-1.png>]
<../Slike//slika 2-3.png, id=210, 1927.2pt x 1284.8pt>
File: ../Slike//slika 2-3.png Graphic file (type png)
<use ../Slike//slika 2-3.png>
Package pdftex.def Info: ../Slike//slika 2-3.png  used on input line 69.
(pdftex.def)             Requested size: 412.56497pt x 275.03075pt.
<../Slike//slika 2-4.png, id=213, 1628.61972pt x 916.09859pt>
File: ../Slike//slika 2-4.png Graphic file (type png)
<use ../Slike//slika 2-4.png>
Package pdftex.def Info: ../Slike//slika 2-4.png  used on input line 76.
(pdftex.def)             Requested size: 412.56497pt x 232.05742pt.
 [3 <../Slike//slika 2-2.png>] [4 <../Slike//slika 2-3.png> <../Slike//slika 2-
4.png>]
<../Slike//slika 2-5.png, id=231, 543.02875pt x 382.42876pt>
File: ../Slike//slika 2-5.png Graphic file (type png)
<use ../Slike//slika 2-5.png>
Package pdftex.def Info: ../Slike//slika 2-5.png  used on input line 90.
(pdftex.def)             Requested size: 412.56497pt x 290.56133pt.
 [5 <../Slike//slika 2-5.png>]
Poglavlje 3.
<../Slike//slika 3-1.png, id=240, 375.4025pt x 121.45375pt>
File: ../Slike//slika 3-1.png Graphic file (type png)
<use ../Slike//slika 3-1.png>
Package pdftex.def Info: ../Slike//slika 3-1.png  used on input line 105.
(pdftex.def)             Requested size: 412.56497pt x 133.4846pt.
[6

 <../Slike//slika 3-1.png>] [7]
<../Slike//slika 3-2.png, id=254, 305.14pt x 250.9375pt>
File: ../Slike//slika 3-2.png Graphic file (type png)
<use ../Slike//slika 3-2.png>
Package pdftex.def Info: ../Slike//slika 3-2.png  used on input line 127.
(pdftex.def)             Requested size: 412.56497pt x 339.29471pt.
 [8 <../Slike//slika 3-2.png>]
<../Slike//slika 3-3.png, id=268, 371.58826pt x 70.46326pt>
File: ../Slike//slika 3-3.png Graphic file (type png)
<use ../Slike//slika 3-3.png>
Package pdftex.def Info: ../Slike//slika 3-3.png  used on input line 151.
(pdftex.def)             Requested size: 412.56497pt x 78.2377pt.
<../Slike//slika 3-4.png, id=272, 144.54pt x 67.9338pt>
File: ../Slike//slika 3-4.png Graphic file (type png)
<use ../Slike//slika 3-4.png>
Package pdftex.def Info: ../Slike//slika 3-4.png  used on input line 164.
(pdftex.def)             Requested size: 412.56497pt x 193.91599pt.
 [9 <../Slike//slika 3-3.png>] [10 <../Slike//slika 3-4.png>]
<../Slike//slika 3-5.png, id=297, 1052.93375pt x 559.08875pt>
File: ../Slike//slika 3-5.png Graphic file (type png)
<use ../Slike//slika 3-5.png>
Package pdftex.def Info: ../Slike//slika 3-5.png  used on input line 189.
(pdftex.def)             Requested size: 412.56497pt x 219.06744pt.
 [11 <../Slike//slika 3-5.png>]
Poglavlje 4.
[12

] [13]
Poglavlje 5.
[14

] [15]
Poglavlje 6.
LaTeX Font Info:    Trying to load font information for T1+pcr on input line 22
9.
(c:/texlive/2020/texmf-dist/tex/latex/psnfss/t1pcr.fd
File: t1pcr.fd 2001/06/04 font definitions for T1/pcr.
) [16

]
<../Slike//slika 6-1.png, id=344, 747.9945pt x 274.02374pt>
File: ../Slike//slika 6-1.png Graphic file (type png)
<use ../Slike//slika 6-1.png>
Package pdftex.def Info: ../Slike//slika 6-1.png  used on input line 235.
(pdftex.def)             Requested size: 412.56497pt x 151.14418pt.
<../Slike//slika 6-2.png, id=346, 1156.32pt x 510.10574pt>
File: ../Slike//slika 6-2.png Graphic file (type png)
<use ../Slike//slika 6-2.png>
Package pdftex.def Info: ../Slike//slika 6-2.png  used on input line 244.
(pdftex.def)             Requested size: 412.56497pt x 181.99559pt.
 [17 <../Slike//slika 6-1.png> <../Slike//slika 6-2.png>]
<../Slike//slika 6-3.png, id=359, 1156.32pt x 496.85625pt>
File: ../Slike//slika 6-3.png Graphic file (type png)
<use ../Slike//slika 6-3.png>
Package pdftex.def Info: ../Slike//slika 6-3.png  used on input line 253.
(pdftex.def)             Requested size: 412.56497pt x 177.26843pt.
<../Slike//slika 6-4.png, id=362, 1156.32pt x 650.43pt>
File: ../Slike//slika 6-4.png Graphic file (type png)
<use ../Slike//slika 6-4.png>
Package pdftex.def Info: ../Slike//slika 6-4.png  used on input line 264.
(pdftex.def)             Requested size: 412.56497pt x 232.06049pt.
<../Slike//slika 6-5.png, id=365, 900.966pt x 498.06075pt>
File: ../Slike//slika 6-5.png Graphic file (type png)
<use ../Slike//slika 6-5.png>
Package pdftex.def Info: ../Slike//slika 6-5.png  used on input line 273.
(pdftex.def)             Requested size: 412.56497pt x 228.06955pt.
<../Slike//slika 6-6.png, id=366, 669.702pt x 341.47575pt>
File: ../Slike//slika 6-6.png Graphic file (type png)
<use ../Slike//slika 6-6.png>
Package pdftex.def Info: ../Slike//slika 6-6.png  used on input line 280.
(pdftex.def)             Requested size: 412.56497pt x 210.36325pt.
<../Slike//slika 6-7.png, id=367, 900.966pt x 496.85625pt>
File: ../Slike//slika 6-7.png Graphic file (type png)
<use ../Slike//slika 6-7.png>
Package pdftex.def Info: ../Slike//slika 6-7.png  used on input line 287.
(pdftex.def)             Requested size: 412.56497pt x 227.51799pt.
<../Slike//slika 6-8.png, id=368, 668.4975pt x 341.47575pt>
File: ../Slike//slika 6-8.png Graphic file (type png)
<use ../Slike//slika 6-8.png>
Package pdftex.def Info: ../Slike//slika 6-8.png  used on input line 294.
(pdftex.def)             Requested size: 412.56497pt x 210.74883pt.
 [18 <../Slike//slika 6-3.png> <../Slike//slika 6-4.png>] [19 <../Slike//slika 
6-5.png> <../Slike//slika 6-6.png>]
[20 <../Slike//slika 6-7.png> <../Slike//slika 6-8.png>]
<../Slike//slika 6-9.png, id=396, 355.92975pt x 162.6075pt>
File: ../Slike//slika 6-9.png Graphic file (type png)
<use ../Slike//slika 6-9.png>
Package pdftex.def Info: ../Slike//slika 6-9.png  used on input line 307.
(pdftex.def)             Requested size: 412.56497pt x 188.49332pt.
<../Slike//slika 6-10.png, id=398, 1156.32pt x 650.43pt>
File: ../Slike//slika 6-10.png Graphic file (type png)
<use ../Slike//slika 6-10.png>
Package pdftex.def Info: ../Slike//slika 6-10.png  used on input line 316.
(pdftex.def)             Requested size: 412.56497pt x 232.06049pt.
<../Slike//slika 6-11.png, id=400, 1156.32pt x 650.43pt>
File: ../Slike//slika 6-11.png Graphic file (type png)
<use ../Slike//slika 6-11.png>
Package pdftex.def Info: ../Slike//slika 6-11.png  used on input line 325.
(pdftex.def)             Requested size: 412.56497pt x 232.06049pt.
 [21 <../Slike//slika 6-9.png>] [22 <../Slike//slika 6-10.png> <../Slike//slika
 6-11.png>]
<../Slike//slika 6-12.png, id=414, 1156.32pt x 609.477pt>
File: ../Slike//slika 6-12.png Graphic file (type png)
<use ../Slike//slika 6-12.png>
Package pdftex.def Info: ../Slike//slika 6-12.png  used on input line 335.
(pdftex.def)             Requested size: 412.56497pt x 217.44928pt.
 [23 <../Slike//slika 6-12.png>]
Poglavlje 7.
<../Slike//slika 7-1.jpg, id=425, 1204.5pt x 1606.0pt>
File: ../Slike//slika 7-1.jpg Graphic file (type jpg)
<use ../Slike//slika 7-1.jpg>
Package pdftex.def Info: ../Slike//slika 7-1.jpg  used on input line 349.
(pdftex.def)             Requested size: 412.56497pt x 550.0762pt.
<../Slike//slika 7-2.png, id=426, 1927.2pt x 1084.05pt>
File: ../Slike//slika 7-2.png Graphic file (type png)
<use ../Slike//slika 7-2.png>
Package pdftex.def Info: ../Slike//slika 7-2.png  used on input line 356.
(pdftex.def)             Requested size: 412.56497pt x 232.05719pt.
<../Slike//slika 7-3.png, id=427, 1927.2pt x 1084.05pt>
File: ../Slike//slika 7-3.png Graphic file (type png)
<use ../Slike//slika 7-3.png>
Package pdftex.def Info: ../Slike//slika 7-3.png  used on input line 363.
(pdftex.def)             Requested size: 412.56497pt x 232.05719pt.
[24

] [25 <../Slike//slika 7-1.jpg>] [26 <../Slike//slika 7-2.png (PNG copy)> <../S
like//slika 7-3.png (PNG copy)>]
Poglavlje 8.
[27

] [28]
Poglavlje 9.
(./zavrsni.bbl [29

] [30

] [31]) [32] [33] [34] (./zavrsni.aux)
Package rerunfilecheck Info: File `zavrsni.out' has not changed.
(rerunfilecheck)             Checksum: 3BBB0C003C281C81195C07FF318A929B;3626.
 ) 
Here is how much of TeX's memory you used:
 14078 strings out of 479023
 207848 string characters out of 5863351
 541378 words of memory out of 5000000
 31167 multiletter control sequences out of 15000+600000
 459170 words of font info for 92 fonts, out of 8000000 for 9000
 1141 hyphenation exceptions out of 8191
 83i,17n,88p,894b,513s stack positions out of 5000i,500n,10000p,200000b,80000s
{c:/texlive/2020/texmf-dist/fonts/enc/dvips/base/8r.enc}<c:/texlive/2020/texm
f-dist/fonts/type1/public/amsfonts/cm/cmmi12.pfb><c:/texlive/2020/texmf-dist/fo
nts/type1/urw/courier/ucrr8a.pfb><c:/texlive/2020/texmf-dist/fonts/type1/urw/he
lvetic/uhvb8a.pfb><c:/texlive/2020/texmf-dist/fonts/type1/urw/helvetic/uhvr8a.p
fb><c:/texlive/2020/texmf-dist/fonts/type1/urw/times/utmb8a.pfb><c:/texlive/202
0/texmf-dist/fonts/type1/urw/times/utmr8a.pfb><c:/texlive/2020/texmf-dist/fonts
/type1/urw/times/utmri8a.pfb>
Output written on zavrsni.pdf (39 pages, 8034604 bytes).
PDF statistics:
 575 PDF objects out of 1000 (max. 8388607)
 466 compressed objects within 5 object streams
 121 named destinations out of 1000 (max. 500000)
 362 words of extra memory for PDF output out of 10000 (max. 10000000)

