\BOOKMARK [0][-]{chapter.1}{\376\377\000U\000v\000o\000d}{}% 1
\BOOKMARK [0][-]{chapter.2}{\376\377\000V\000i\000r\000t\000u\000a\000l\000n\000a\000\040\000p\000r\000o\000d\000u\000k\000c\000i\000j\000a}{}% 2
\BOOKMARK [1][-]{section.2.1}{\376\377\000S\000l\000u\001\015\000a\000j\000e\000v\000i\000\040\000u\000p\000o\000t\000r\000e\000b\000e}{chapter.2}% 3
\BOOKMARK [1][-]{section.2.2}{\376\377\000O\000p\000i\000s\000\040\000p\000r\000o\000t\000o\000t\000i\000p\000a}{chapter.2}% 4
\BOOKMARK [0][-]{chapter.3}{\376\377\000U\000p\000r\000a\000v\000l\000j\000a\000n\000j\000e\000\040\000o\000s\000v\000j\000e\000t\000l\000j\000e\000n\000j\000e\000m}{}% 5
\BOOKMARK [1][-]{section.3.1}{\376\377\000D\000M\000X}{chapter.3}% 6
\BOOKMARK [2][-]{subsection.3.1.1}{\376\377\000K\000o\000n\000t\000r\000o\000l\000e\000r\000i}{section.3.1}% 7
\BOOKMARK [2][-]{subsection.3.1.2}{\376\377\000R\000a\000s\000v\000j\000e\000t\000n\000i\000\040\000u\000r\000e\001\021\000a\000j\000i}{section.3.1}% 8
\BOOKMARK [2][-]{subsection.3.1.3}{\376\377\000K\000o\000m\000u\000n\000i\000k\000a\000c\000i\000j\000a\000\040\000s\000i\000g\000n\000a\000l\000a}{section.3.1}% 9
\BOOKMARK [1][-]{section.3.2}{\376\377\000M\000r\000e\001\176\000n\000i\000\040\000p\000r\000o\000t\000o\000k\000o\000l\000i}{chapter.3}% 10
\BOOKMARK [2][-]{subsection.3.2.1}{\376\377\000A\000r\000t\000-\000N\000e\000t}{section.3.2}% 11
\BOOKMARK [2][-]{subsection.3.2.2}{\376\377\000s\000A\000C\000N}{section.3.2}% 12
\BOOKMARK [1][-]{section.3.3}{\376\377\000G\000D\000T\000F}{chapter.3}% 13
\BOOKMARK [0][-]{chapter.4}{\376\377\000M\000o\000d\000e\000l\000\040\000r\000j\000e\001\141\000e\000n\000j\000a}{}% 14
\BOOKMARK [1][-]{section.4.1}{\376\377\000S\000i\000m\000u\000l\000a\000c\000i\000j\000a\000\040\000o\000s\000v\000j\000e\000t\000l\000j\000e\000n\000j\000a}{chapter.4}% 15
\BOOKMARK [1][-]{section.4.2}{\376\377\000I\000n\000t\000e\000g\000r\000a\000c\000i\000j\000a\000\040\000s\000\040\000p\000r\000o\000t\000o\000t\000i\000p\000o\000m}{chapter.4}% 16
\BOOKMARK [0][-]{chapter.5}{\376\377\000K\000o\000r\000i\001\141\000t\000e\000n\000e\000\040\000t\000e\000h\000n\000o\000l\000o\000g\000i\000j\000e}{}% 17
\BOOKMARK [0][-]{chapter.6}{\376\377\000S\000i\000m\000u\000l\000a\000c\000i\000j\000a\000\040\000o\000s\000v\000j\000e\000t\000l\000j\000e\000n\000j\000a}{}% 18
\BOOKMARK [1][-]{section.6.1}{\376\377\000P\000o\000s\000t\000a\000v\000l\000j\000a\000n\000j\000e\000\040\000s\000i\000m\000u\000l\000a\000t\000o\000r\000a}{chapter.6}% 19
\BOOKMARK [1][-]{section.6.2}{\376\377\000P\000o\000v\000e\000z\000i\000v\000a\000n\000j\000e\000\040\000s\000\040\000U\000n\000r\000e\000a\000l\000\040\000E\000n\000g\000i\000n\000e\000o\000m}{chapter.6}% 20
\BOOKMARK [1][-]{section.6.3}{\376\377\000S\000i\000m\000u\000l\000a\000c\000i\000j\000a}{chapter.6}% 21
\BOOKMARK [2][-]{subsection.6.3.1}{\376\377\000U\000p\000r\000a\000v\000l\000j\000a\000n\000j\000e\000\040\000s\000i\000m\000u\000l\000a\000t\000o\000r\000o\000m}{section.6.3}% 22
\BOOKMARK [2][-]{subsection.6.3.2}{\376\377\000K\000o\000r\000i\001\141\000t\000e\000n\000j\000e\000\040\000s\000e\000k\000v\000e\000n\000c\000e\000r\000a}{section.6.3}% 23
\BOOKMARK [0][-]{chapter.7}{\376\377\000I\000n\000t\000e\000g\000r\000a\000c\000i\000j\000a\000\040\000s\000\040\000p\000r\000o\000t\000o\000t\000i\000p\000o\000m}{}% 24
\BOOKMARK [0][-]{chapter.8}{\376\377\000R\000e\000z\000u\000l\000t\000a\000t\000i}{}% 25
\BOOKMARK [0][-]{chapter.9}{\376\377\000Z\000a\000k\000l\000j\000u\001\015\000a\000k}{}% 26
\BOOKMARK [0][-]{chapter*.27}{\376\377\000L\000i\000t\000e\000r\000a\000t\000u\000r\000a}{}% 27
